<?xml version="1.0" encoding="UTF-8"?>
<!-- Generated by org.testng.reporters.JUnitXMLReporter -->
<testsuite hostname="BLR-MXH0619A-2" ignored="0" name="Test Maven Testing" tests="12" failures="0" timestamp="04 Dec 2018 12:39:35 GMT" time="0.034" errors="0">
  <testcase name="div" time="0.007" classname="com.qa.tests.DemoTest1"/>
  <testcase name="mul" time="0.0" classname="com.qa.tests.DemoTest1"/>
  <testcase name="sub" time="0.0" classname="com.qa.tests.DemoTest1"/>
  <testcase name="sum" time="0.0" classname="com.qa.tests.DemoTest1"/>
  <testcase name="div" time="0.0" classname="com.qa.tests.DemoTest2"/>
  <testcase name="mul" time="0.0" classname="com.qa.tests.DemoTest2"/>
  <testcase name="sub" time="0.0" classname="com.qa.tests.DemoTest2"/>
  <testcase name="sum" time="0.0" classname="com.qa.tests.DemoTest2"/>
  <testcase name="div" time="0.0" classname="com.qa.tests.DemoTestMaven"/>
  <testcase name="mul" time="0.001" classname="com.qa.tests.DemoTestMaven"/>
  <testcase name="sub" time="0.0" classname="com.qa.tests.DemoTestMaven"/>
  <testcase name="sum" time="0.0" classname="com.qa.tests.DemoTestMaven"/>
</testsuite> <!-- Test Maven Testing -->
