<?xml version="1.0" encoding="UTF-8"?>
<!-- Generated by org.testng.reporters.JUnitXMLReporter -->
<testsuite hostname="BLR-MXH0619A-2" ignored="0" name="Default test" tests="4" failures="0" timestamp="04 Dec 2018 12:48:16 GMT" time="0.038" errors="0">
  <testcase name="div" time="0.012" classname="com.qa.tests.DemoTest2"/>
  <testcase name="mul" time="0.001" classname="com.qa.tests.DemoTest2"/>
  <testcase name="sub" time="0.001" classname="com.qa.tests.DemoTest2"/>
  <testcase name="sum" time="0.001" classname="com.qa.tests.DemoTest2"/>
</testsuite> <!-- Default test -->
