<?xml version="1.0" encoding="UTF-8"?>
<testng-results skipped="0" failed="0" ignored="0" total="12" passed="12">
  <reporter-output>
  </reporter-output>
  <suite name="Test Maven suite" duration-ms="34" started-at="2018-12-04T12:39:35Z" finished-at="2018-12-04T12:39:35Z">
    <groups>
    </groups>
    <test name="Test Maven Testing" duration-ms="34" started-at="2018-12-04T12:39:35Z" finished-at="2018-12-04T12:39:35Z">
      <class name="com.qa.tests.DemoTest1">
        <test-method status="PASS" signature="div()[pri:0, instance:com.qa.tests.DemoTest1@7a79be86]" name="div" duration-ms="7" started-at="2018-12-04T12:39:35Z" finished-at="2018-12-04T12:39:35Z">
          <reporter-output>
          </reporter-output>
        </test-method> <!-- div -->
        <test-method status="PASS" signature="mul()[pri:0, instance:com.qa.tests.DemoTest1@7a79be86]" name="mul" duration-ms="0" started-at="2018-12-04T12:39:35Z" finished-at="2018-12-04T12:39:35Z">
          <reporter-output>
          </reporter-output>
        </test-method> <!-- mul -->
        <test-method status="PASS" signature="sum()[pri:0, instance:com.qa.tests.DemoTest1@7a79be86]" name="sum" duration-ms="0" started-at="2018-12-04T12:39:35Z" finished-at="2018-12-04T12:39:35Z">
          <reporter-output>
          </reporter-output>
        </test-method> <!-- sum -->
        <test-method status="PASS" signature="sub()[pri:0, instance:com.qa.tests.DemoTest1@7a79be86]" name="sub" duration-ms="0" started-at="2018-12-04T12:39:35Z" finished-at="2018-12-04T12:39:35Z">
          <reporter-output>
          </reporter-output>
        </test-method> <!-- sub -->
      </class> <!-- com.qa.tests.DemoTest1 -->
      <class name="com.qa.tests.DemoTest2">
        <test-method status="PASS" signature="mul()[pri:0, instance:com.qa.tests.DemoTest2@34ce8af7]" name="mul" duration-ms="0" started-at="2018-12-04T12:39:35Z" finished-at="2018-12-04T12:39:35Z">
          <reporter-output>
          </reporter-output>
        </test-method> <!-- mul -->
        <test-method status="PASS" signature="div()[pri:0, instance:com.qa.tests.DemoTest2@34ce8af7]" name="div" duration-ms="0" started-at="2018-12-04T12:39:35Z" finished-at="2018-12-04T12:39:35Z">
          <reporter-output>
          </reporter-output>
        </test-method> <!-- div -->
        <test-method status="PASS" signature="sub()[pri:0, instance:com.qa.tests.DemoTest2@34ce8af7]" name="sub" duration-ms="0" started-at="2018-12-04T12:39:35Z" finished-at="2018-12-04T12:39:35Z">
          <reporter-output>
          </reporter-output>
        </test-method> <!-- sub -->
        <test-method status="PASS" signature="sum()[pri:0, instance:com.qa.tests.DemoTest2@34ce8af7]" name="sum" duration-ms="0" started-at="2018-12-04T12:39:35Z" finished-at="2018-12-04T12:39:35Z">
          <reporter-output>
          </reporter-output>
        </test-method> <!-- sum -->
      </class> <!-- com.qa.tests.DemoTest2 -->
      <class name="com.qa.tests.DemoTestMaven">
        <test-method status="PASS" signature="div()[pri:0, instance:com.qa.tests.DemoTestMaven@b684286]" name="div" duration-ms="0" started-at="2018-12-04T12:39:35Z" finished-at="2018-12-04T12:39:35Z">
          <reporter-output>
          </reporter-output>
        </test-method> <!-- div -->
        <test-method status="PASS" signature="mul()[pri:0, instance:com.qa.tests.DemoTestMaven@b684286]" name="mul" duration-ms="1" started-at="2018-12-04T12:39:35Z" finished-at="2018-12-04T12:39:35Z">
          <reporter-output>
          </reporter-output>
        </test-method> <!-- mul -->
        <test-method status="PASS" signature="sub()[pri:0, instance:com.qa.tests.DemoTestMaven@b684286]" name="sub" duration-ms="0" started-at="2018-12-04T12:39:35Z" finished-at="2018-12-04T12:39:35Z">
          <reporter-output>
          </reporter-output>
        </test-method> <!-- sub -->
        <test-method status="PASS" signature="sum()[pri:0, instance:com.qa.tests.DemoTestMaven@b684286]" name="sum" duration-ms="0" started-at="2018-12-04T12:39:35Z" finished-at="2018-12-04T12:39:35Z">
          <reporter-output>
          </reporter-output>
        </test-method> <!-- sum -->
      </class> <!-- com.qa.tests.DemoTestMaven -->
    </test> <!-- Test Maven Testing -->
  </suite> <!-- Test Maven suite -->
</testng-results>
