<?xml version="1.0" encoding="UTF-8"?>
<testng-results skipped="0" failed="0" ignored="0" total="4" passed="4">
  <reporter-output>
  </reporter-output>
  <suite name="Default suite" duration-ms="38" started-at="2018-12-04T12:48:16Z" finished-at="2018-12-04T12:48:16Z">
    <groups>
    </groups>
    <test name="Default test" duration-ms="38" started-at="2018-12-04T12:48:16Z" finished-at="2018-12-04T12:48:16Z">
      <class name="com.qa.tests.DemoTest2">
        <test-method status="PASS" signature="div()[pri:0, instance:com.qa.tests.DemoTest2@1753acfe]" name="div" duration-ms="12" started-at="2018-12-04T12:48:16Z" finished-at="2018-12-04T12:48:16Z">
          <reporter-output>
          </reporter-output>
        </test-method> <!-- div -->
        <test-method status="PASS" signature="mul()[pri:0, instance:com.qa.tests.DemoTest2@1753acfe]" name="mul" duration-ms="1" started-at="2018-12-04T12:48:16Z" finished-at="2018-12-04T12:48:16Z">
          <reporter-output>
          </reporter-output>
        </test-method> <!-- mul -->
        <test-method status="PASS" signature="sub()[pri:0, instance:com.qa.tests.DemoTest2@1753acfe]" name="sub" duration-ms="1" started-at="2018-12-04T12:48:16Z" finished-at="2018-12-04T12:48:16Z">
          <reporter-output>
          </reporter-output>
        </test-method> <!-- sub -->
        <test-method status="PASS" signature="sum()[pri:0, instance:com.qa.tests.DemoTest2@1753acfe]" name="sum" duration-ms="1" started-at="2018-12-04T12:48:16Z" finished-at="2018-12-04T12:48:16Z">
          <reporter-output>
          </reporter-output>
        </test-method> <!-- sum -->
      </class> <!-- com.qa.tests.DemoTest2 -->
    </test> <!-- Default test -->
  </suite> <!-- Default suite -->
</testng-results>
